Determining if the pthread_create exist failed with the following output:
Change Dir: /home/baihong/baihong_ws/src/LearningMPC/cmake-build-debug/CMakeFiles/CMakeTmp

Run Build Command(s):/usr/bin/make cmTC_6e99b/fast 
/usr/bin/make -f CMakeFiles/cmTC_6e99b.dir/build.make CMakeFiles/cmTC_6e99b.dir/build
make[1]: Entering directory '/home/baihong/baihong_ws/src/LearningMPC/cmake-build-debug/CMakeFiles/CMakeTmp'
Building C object CMakeFiles/cmTC_6e99b.dir/CheckSymbolExists.c.o
/usr/bin/cc    -o CMakeFiles/cmTC_6e99b.dir/CheckSymbolExists.c.o   -c /home/baihong/baihong_ws/src/LearningMPC/cmake-build-debug/CMakeFiles/CMakeTmp/CheckSymbolExists.c
Linking C executable cmTC_6e99b
/home/baihong/Documents/clion-2019.2.1/bin/cmake/linux/bin/cmake -E cmake_link_script CMakeFiles/cmTC_6e99b.dir/link.txt --verbose=1
/usr/bin/cc      -rdynamic CMakeFiles/cmTC_6e99b.dir/CheckSymbolExists.c.o  -o cmTC_6e99b 
CMakeFiles/cmTC_6e99b.dir/CheckSymbolExists.c.o: In function `main':
CheckSymbolExists.c:(.text+0x16): undefined reference to `pthread_create'
collect2: error: ld returned 1 exit status
CMakeFiles/cmTC_6e99b.dir/build.make:86: recipe for target 'cmTC_6e99b' failed
make[1]: *** [cmTC_6e99b] Error 1
make[1]: Leaving directory '/home/baihong/baihong_ws/src/LearningMPC/cmake-build-debug/CMakeFiles/CMakeTmp'
Makefile:121: recipe for target 'cmTC_6e99b/fast' failed
make: *** [cmTC_6e99b/fast] Error 2

File /home/baihong/baihong_ws/src/LearningMPC/cmake-build-debug/CMakeFiles/CMakeTmp/CheckSymbolExists.c:
/* */
#include <pthread.h>

int main(int argc, char** argv)
{
  (void)argv;
#ifndef pthread_create
  return ((int*)(&pthread_create))[argc];
#else
  (void)argc;
  return 0;
#endif
}

Determining if the function pthread_create exists in the pthreads failed with the following output:
Change Dir: /home/baihong/baihong_ws/src/LearningMPC/cmake-build-debug/CMakeFiles/CMakeTmp

Run Build Command(s):/usr/bin/make cmTC_1b5fb/fast 
/usr/bin/make -f CMakeFiles/cmTC_1b5fb.dir/build.make CMakeFiles/cmTC_1b5fb.dir/build
make[1]: Entering directory '/home/baihong/baihong_ws/src/LearningMPC/cmake-build-debug/CMakeFiles/CMakeTmp'
Building C object CMakeFiles/cmTC_1b5fb.dir/CheckFunctionExists.c.o
/usr/bin/cc   -DCHECK_FUNCTION_EXISTS=pthread_create   -o CMakeFiles/cmTC_1b5fb.dir/CheckFunctionExists.c.o   -c /home/baihong/Documents/clion-2019.2.1/bin/cmake/linux/share/cmake-3.14/Modules/CheckFunctionExists.c
Linking C executable cmTC_1b5fb
/home/baihong/Documents/clion-2019.2.1/bin/cmake/linux/bin/cmake -E cmake_link_script CMakeFiles/cmTC_1b5fb.dir/link.txt --verbose=1
/usr/bin/cc  -DCHECK_FUNCTION_EXISTS=pthread_create    -rdynamic CMakeFiles/cmTC_1b5fb.dir/CheckFunctionExists.c.o  -o cmTC_1b5fb -lpthreads 
/usr/bin/ld: cannot find -lpthreads
collect2: error: ld returned 1 exit status
CMakeFiles/cmTC_1b5fb.dir/build.make:86: recipe for target 'cmTC_1b5fb' failed
make[1]: *** [cmTC_1b5fb] Error 1
make[1]: Leaving directory '/home/baihong/baihong_ws/src/LearningMPC/cmake-build-debug/CMakeFiles/CMakeTmp'
Makefile:121: recipe for target 'cmTC_1b5fb/fast' failed
make: *** [cmTC_1b5fb/fast] Error 2


